c:\users\inputwindy\desktop\sandbox\flora\x64\debug\vc143.pdb
c:\users\inputwindy\desktop\sandbox\flora\x64\debug\vc143.idb
c:\users\inputwindy\desktop\sandbox\flora\x64\debug\viewport.obj
c:\users\inputwindy\desktop\sandbox\flora\x64\debug\uniform.obj
c:\users\inputwindy\desktop\sandbox\flora\x64\debug\ui.obj
c:\users\inputwindy\desktop\sandbox\flora\x64\debug\texture.obj
c:\users\inputwindy\desktop\sandbox\flora\x64\debug\serialization.obj
c:\users\inputwindy\desktop\sandbox\flora\x64\debug\resourcemanager.obj
c:\users\inputwindy\desktop\sandbox\flora\x64\debug\renderstate.obj
c:\users\inputwindy\desktop\sandbox\flora\x64\debug\rendercommand.obj
c:\users\inputwindy\desktop\sandbox\flora\x64\debug\opengltexture.obj
c:\users\inputwindy\desktop\sandbox\flora\x64\debug\openglinterface.obj
c:\users\inputwindy\desktop\sandbox\flora\x64\debug\material.obj
c:\users\inputwindy\desktop\sandbox\flora\x64\debug\jsoncpp.obj
c:\users\inputwindy\desktop\sandbox\flora\x64\debug\core.obj
c:\users\inputwindy\desktop\sandbox\flora\x64\debug\contentbrowser.obj
c:\users\inputwindy\desktop\sandbox\flora\x64\debug\console.obj
c:\users\inputwindy\desktop\sandbox\flora\x64\debug\application.obj
c:\users\inputwindy\desktop\sandbox\flora\x64\debug\glad.obj
c:\users\inputwindy\desktop\sandbox\x64\debug\flora.pdb
c:\users\inputwindy\desktop\sandbox\flora\x64\debug\flora.tlog\cl.command.1.tlog
c:\users\inputwindy\desktop\sandbox\flora\x64\debug\flora.tlog\cl.read.1.tlog
c:\users\inputwindy\desktop\sandbox\flora\x64\debug\flora.tlog\cl.write.1.tlog
c:\users\inputwindy\desktop\sandbox\flora\x64\debug\flora.tlog\link.command.1.tlog
c:\users\inputwindy\desktop\sandbox\flora\x64\debug\flora.tlog\link.read.1.tlog
c:\users\inputwindy\desktop\sandbox\flora\x64\debug\flora.tlog\link.read.2.tlog
c:\users\inputwindy\desktop\sandbox\flora\x64\debug\flora.tlog\link.write.1.tlog
