  Material.cpp
C:\Users\InputWindy\Desktop\SandBox\Flora\Resource.h(24,14): warning C4251: “IResource::CachePath”: class“std::basic_string<char,std::char_traits<char>,std::allocator<char>>”需要有 dll 接口由 class“IResource”的客户端使用
D:\VisualStudio\VC\Tools\MSVC\14.34.31933\include\xstring(5294,17): message : 参见“std::basic_string<char,std::char_traits<char>,std::allocator<char>>”的声明
C:\Users\InputWindy\Desktop\SandBox\Flora\Texture.h(12,68): warning C4251: “std::enable_shared_from_this<FImage>::_Wptr”: class“std::weak_ptr<_Ty>”需要有 dll 接口由 class“std::enable_shared_from_this<FImage>”的客户端使用
          with
          [
              _Ty=FImage
          ]
D:\VisualStudio\VC\Tools\MSVC\14.34.31933\include\memory(3068,16): message : 参见“std::weak_ptr<_Ty>”的声明
          with
          [
              _Ty=FImage
          ]
C:\Users\InputWindy\Desktop\SandBox\Flora\Texture.h(37,14): warning C4251: “FImage::root_path”: class“std::basic_string<char,std::char_traits<char>,std::allocator<char>>”需要有 dll 接口由 struct“FImage”的客户端使用
D:\VisualStudio\VC\Tools\MSVC\14.34.31933\include\xstring(5294,17): message : 参见“std::basic_string<char,std::char_traits<char>,std::allocator<char>>”的声明
C:\Users\InputWindy\Desktop\SandBox\Flora\Texture.h(38,14): warning C4251: “FImage::directory”: class“std::basic_string<char,std::char_traits<char>,std::allocator<char>>”需要有 dll 接口由 struct“FImage”的客户端使用
D:\VisualStudio\VC\Tools\MSVC\14.34.31933\include\xstring(5294,17): message : 参见“std::basic_string<char,std::char_traits<char>,std::allocator<char>>”的声明
C:\Users\InputWindy\Desktop\SandBox\Flora\Texture.h(39,14): warning C4251: “FImage::relative_path”: class“std::basic_string<char,std::char_traits<char>,std::allocator<char>>”需要有 dll 接口由 struct“FImage”的客户端使用
D:\VisualStudio\VC\Tools\MSVC\14.34.31933\include\xstring(5294,17): message : 参见“std::basic_string<char,std::char_traits<char>,std::allocator<char>>”的声明
C:\Users\InputWindy\Desktop\SandBox\Flora\Texture.h(40,14): warning C4251: “FImage::name”: class“std::basic_string<char,std::char_traits<char>,std::allocator<char>>”需要有 dll 接口由 struct“FImage”的客户端使用
D:\VisualStudio\VC\Tools\MSVC\14.34.31933\include\xstring(5294,17): message : 参见“std::basic_string<char,std::char_traits<char>,std::allocator<char>>”的声明
C:\Users\InputWindy\Desktop\SandBox\Flora\Texture.h(41,14): warning C4251: “FImage::extension”: class“std::basic_string<char,std::char_traits<char>,std::allocator<char>>”需要有 dll 接口由 struct“FImage”的客户端使用
D:\VisualStudio\VC\Tools\MSVC\14.34.31933\include\xstring(5294,17): message : 参见“std::basic_string<char,std::char_traits<char>,std::allocator<char>>”的声明
C:\Users\InputWindy\Desktop\SandBox\Flora\Texture.h(66,7): warning C4251: “FTextureInfo::BorderColor”: struct“glm::vec<4,float,glm::packed_highp>”需要有 dll 接口由 struct“FTextureInfo”的客户端使用
C:\Users\InputWindy\Desktop\SandBox\vendor\include\glm\fwd.hpp(421,10): message : 参见“glm::vec<4,float,glm::packed_highp>”的声明
C:\Users\InputWindy\Desktop\SandBox\Flora\Texture.h(70,72): warning C4251: “std::enable_shared_from_this<FTexture>::_Wptr”: class“std::weak_ptr<_Ty>”需要有 dll 接口由 class“std::enable_shared_from_this<FTexture>”的客户端使用
          with
          [
              _Ty=FTexture
          ]
D:\VisualStudio\VC\Tools\MSVC\14.34.31933\include\memory(3068,16): message : 参见“std::weak_ptr<_Ty>”的声明
          with
          [
              _Ty=FTexture
          ]
C:\Users\InputWindy\Desktop\SandBox\Flora\Texture.h(136,15): warning C4251: “FTexture::Name”: class“std::basic_string<char,std::char_traits<char>,std::allocator<char>>”需要有 dll 接口由 class“FTexture”的客户端使用
D:\VisualStudio\VC\Tools\MSVC\14.34.31933\include\xstring(5294,17): message : 参见“std::basic_string<char,std::char_traits<char>,std::allocator<char>>”的声明
C:\Users\InputWindy\Desktop\SandBox\Flora\Texture.h(150,14): warning C4251: “FTexture::Image”: class“std::shared_ptr<_Ty>”需要有 dll 接口由 class“FTexture”的客户端使用
          with
          [
              _Ty=FImage
          ]
D:\VisualStudio\VC\Tools\MSVC\14.34.31933\include\memory(3060,16): message : 参见“std::shared_ptr<_Ty>”的声明
          with
          [
              _Ty=FImage
          ]
C:\Users\InputWindy\Desktop\SandBox\Flora\Texture.h(152,30): warning C4251: “FTexture::White”: class“std::shared_ptr<_Ty>”需要有 dll 接口由 class“FTexture”的客户端使用
          with
          [
              _Ty=FTexture
          ]
D:\VisualStudio\VC\Tools\MSVC\14.34.31933\include\memory(3060,16): message : 参见“std::shared_ptr<_Ty>”的声明
          with
          [
              _Ty=FTexture
          ]
C:\Users\InputWindy\Desktop\SandBox\Flora\Texture.h(153,30): warning C4251: “FTexture::Black”: class“std::shared_ptr<_Ty>”需要有 dll 接口由 class“FTexture”的客户端使用
          with
          [
              _Ty=FTexture
          ]
D:\VisualStudio\VC\Tools\MSVC\14.34.31933\include\memory(3060,16): message : 参见“std::shared_ptr<_Ty>”的声明
          with
          [
              _Ty=FTexture
          ]
C:\Users\InputWindy\Desktop\SandBox\Flora\Texture.h(154,30): warning C4251: “FTexture::Default”: class“std::shared_ptr<_Ty>”需要有 dll 接口由 class“FTexture”的客户端使用
          with
          [
              _Ty=FTexture
          ]
D:\VisualStudio\VC\Tools\MSVC\14.34.31933\include\memory(3060,16): message : 参见“std::shared_ptr<_Ty>”的声明
          with
          [
              _Ty=FTexture
          ]
C:\Users\InputWindy\Desktop\SandBox\Flora\Uniform.h(45,18): warning C4251: “FSamplerInfo::Texture”: class“std::shared_ptr<_Ty>”需要有 dll 接口由 class“FSamplerInfo”的客户端使用
          with
          [
              _Ty=FTexture
          ]
D:\VisualStudio\VC\Tools\MSVC\14.34.31933\include\memory(3060,16): message : 参见“std::shared_ptr<_Ty>”的声明
          with
          [
              _Ty=FTexture
          ]
C:\Users\InputWindy\Desktop\SandBox\Flora\Uniform.h(66,17): warning C4251: “FMatArray<TMat>::Data”: class“std::array<TMat,50>”需要有 dll 接口由 class“FMatArray<TMat>”的客户端使用
C:\Users\InputWindy\Desktop\SandBox\Flora\Uniform.h(66,2): message : 参见“std::array<TMat,50>”的声明
C:\Users\InputWindy\Desktop\SandBox\Flora\Uniform.h(67,2): message : 查看对正在编译的 类 模板 实例化“FMatArray<TMat>”的引用
C:\Users\InputWindy\Desktop\SandBox\Flora\Uniform.h(69,72): warning C4251: “std::enable_shared_from_this<FUniform>::_Wptr”: class“std::weak_ptr<_Ty>”需要有 dll 接口由 class“std::enable_shared_from_this<FUniform>”的客户端使用
          with
          [
              _Ty=FUniform
          ]
D:\VisualStudio\VC\Tools\MSVC\14.34.31933\include\memory(3068,16): message : 参见“std::weak_ptr<_Ty>”的声明
          with
          [
              _Ty=FUniform
          ]
C:\Users\InputWindy\Desktop\SandBox\Flora\Uniform.h(142,26): warning C4002: 类函数宏的调用“assert”参数过多
C:\Users\InputWindy\Desktop\SandBox\Flora\Uniform.h(163,11): warning C4251: “FUniform::UniformName”: class“std::basic_string<char,std::char_traits<char>,std::allocator<char>>”需要有 dll 接口由 class“FUniform”的客户端使用
D:\VisualStudio\VC\Tools\MSVC\14.34.31933\include\xstring(5294,17): message : 参见“std::basic_string<char,std::char_traits<char>,std::allocator<char>>”的声明
C:\Users\InputWindy\Desktop\SandBox\Flora\Material.h(7,89): warning C4251: “std::enable_shared_from_this<FMaterialInstance>::_Wptr”: class“std::weak_ptr<_Ty>”需要有 dll 接口由 class“std::enable_shared_from_this<FMaterialInstance>”的客户端使用
          with
          [
              _Ty=FMaterialInstance
          ]
D:\VisualStudio\VC\Tools\MSVC\14.34.31933\include\memory(3068,16): message : 参见“std::weak_ptr<_Ty>”的声明
          with
          [
              _Ty=FMaterialInstance
          ]
C:\Users\InputWindy\Desktop\SandBox\Flora\Material.h(23,17): warning C4251: “FMaterialInstance::Material”: class“std::shared_ptr<FMaterial>”需要有 dll 接口由 class“FMaterialInstance”的客户端使用
C:\Users\InputWindy\Desktop\SandBox\Flora\Core.h(18,18): message : 参见“std::shared_ptr<FMaterial>”的声明
C:\Users\InputWindy\Desktop\SandBox\Flora\Material.h(24,29): warning C4251: “FMaterialInstance::Bools”: class“std::vector<std::shared_ptr<_Ty>,std::allocator<std::shared_ptr<_Ty>>>”需要有 dll 接口由 class“FMaterialInstance”的客户端使用
          with
          [
              _Ty=FUniform
          ]
C:\Users\InputWindy\Desktop\SandBox\Flora\Material.h(14,14): message : 参见“std::vector<std::shared_ptr<_Ty>,std::allocator<std::shared_ptr<_Ty>>>”的声明
          with
          [
              _Ty=FUniform
          ]
C:\Users\InputWindy\Desktop\SandBox\Flora\Material.h(25,29): warning C4251: “FMaterialInstance::Vectors”: class“std::vector<std::shared_ptr<_Ty>,std::allocator<std::shared_ptr<_Ty>>>”需要有 dll 接口由 class“FMaterialInstance”的客户端使用
          with
          [
              _Ty=FUniform
          ]
C:\Users\InputWindy\Desktop\SandBox\Flora\Material.h(14,14): message : 参见“std::vector<std::shared_ptr<_Ty>,std::allocator<std::shared_ptr<_Ty>>>”的声明
          with
          [
              _Ty=FUniform
          ]
C:\Users\InputWindy\Desktop\SandBox\Flora\Material.h(26,29): warning C4251: “FMaterialInstance::Matrices”: class“std::vector<std::shared_ptr<_Ty>,std::allocator<std::shared_ptr<_Ty>>>”需要有 dll 接口由 class“FMaterialInstance”的客户端使用
          with
          [
              _Ty=FUniform
          ]
C:\Users\InputWindy\Desktop\SandBox\Flora\Material.h(14,14): message : 参见“std::vector<std::shared_ptr<_Ty>,std::allocator<std::shared_ptr<_Ty>>>”的声明
          with
          [
              _Ty=FUniform
          ]
C:\Users\InputWindy\Desktop\SandBox\Flora\Material.h(27,29): warning C4251: “FMaterialInstance::Samplers”: class“std::vector<std::shared_ptr<_Ty>,std::allocator<std::shared_ptr<_Ty>>>”需要有 dll 接口由 class“FMaterialInstance”的客户端使用
          with
          [
              _Ty=FUniform
          ]
C:\Users\InputWindy\Desktop\SandBox\Flora\Material.h(14,14): message : 参见“std::vector<std::shared_ptr<_Ty>,std::allocator<std::shared_ptr<_Ty>>>”的声明
          with
          [
              _Ty=FUniform
          ]
C:\Users\InputWindy\Desktop\SandBox\Flora\Material.h(30,74): warning C4251: “std::enable_shared_from_this<FMaterial>::_Wptr”: class“std::weak_ptr<_Ty>”需要有 dll 接口由 class“std::enable_shared_from_this<FMaterial>”的客户端使用
          with
          [
              _Ty=FMaterial
          ]
D:\VisualStudio\VC\Tools\MSVC\14.34.31933\include\memory(1502,23): message : 参见“std::weak_ptr<_Ty>”的声明
          with
          [
              _Ty=FMaterial
          ]
C:\Users\InputWindy\Desktop\SandBox\Flora\Material.h(62,14): warning C4251: “FMaterial::MaterialName”: class“std::basic_string<char,std::char_traits<char>,std::allocator<char>>”需要有 dll 接口由 class“FMaterial”的客户端使用
D:\VisualStudio\VC\Tools\MSVC\14.34.31933\include\xstring(5294,17): message : 参见“std::basic_string<char,std::char_traits<char>,std::allocator<char>>”的声明
C:\Users\InputWindy\Desktop\SandBox\Flora\Material.h(64,14): warning C4251: “FMaterial::CachePath”: class“std::basic_string<char,std::char_traits<char>,std::allocator<char>>”需要有 dll 接口由 class“FMaterial”的客户端使用
D:\VisualStudio\VC\Tools\MSVC\14.34.31933\include\xstring(5294,17): message : 参见“std::basic_string<char,std::char_traits<char>,std::allocator<char>>”的声明
C:\Users\InputWindy\Desktop\SandBox\Flora\Material.h(66,15): warning C4251: “FMaterial::RenderState”: struct“FRenderState”需要有 dll 接口由 class“FMaterial”的客户端使用
C:\Users\InputWindy\Desktop\SandBox\Flora\RenderState.h(4,8): message : 参见“FRenderState”的声明
C:\Users\InputWindy\Desktop\SandBox\Flora\Material.h(68,14): warning C4251: “FMaterial::VertShader”: class“std::basic_string<char,std::char_traits<char>,std::allocator<char>>”需要有 dll 接口由 class“FMaterial”的客户端使用
D:\VisualStudio\VC\Tools\MSVC\14.34.31933\include\xstring(5294,17): message : 参见“std::basic_string<char,std::char_traits<char>,std::allocator<char>>”的声明
C:\Users\InputWindy\Desktop\SandBox\Flora\Material.h(69,14): warning C4251: “FMaterial::FragShader”: class“std::basic_string<char,std::char_traits<char>,std::allocator<char>>”需要有 dll 接口由 class“FMaterial”的客户端使用
D:\VisualStudio\VC\Tools\MSVC\14.34.31933\include\xstring(5294,17): message : 参见“std::basic_string<char,std::char_traits<char>,std::allocator<char>>”的声明
C:\Users\InputWindy\Desktop\SandBox\Flora\Material.h(71,41): warning C4251: “FMaterial::Bools”: class“std::vector<std::shared_ptr<_Ty>,std::allocator<std::shared_ptr<_Ty>>>”需要有 dll 接口由 class“FMaterial”的客户端使用
          with
          [
              _Ty=FUniform
          ]
C:\Users\InputWindy\Desktop\SandBox\Flora\Material.h(14,14): message : 参见“std::vector<std::shared_ptr<_Ty>,std::allocator<std::shared_ptr<_Ty>>>”的声明
          with
          [
              _Ty=FUniform
          ]
C:\Users\InputWindy\Desktop\SandBox\Flora\Material.h(72,41): warning C4251: “FMaterial::Vectors”: class“std::vector<std::shared_ptr<_Ty>,std::allocator<std::shared_ptr<_Ty>>>”需要有 dll 接口由 class“FMaterial”的客户端使用
          with
          [
              _Ty=FUniform
          ]
C:\Users\InputWindy\Desktop\SandBox\Flora\Material.h(14,14): message : 参见“std::vector<std::shared_ptr<_Ty>,std::allocator<std::shared_ptr<_Ty>>>”的声明
          with
          [
              _Ty=FUniform
          ]
C:\Users\InputWindy\Desktop\SandBox\Flora\Material.h(73,41): warning C4251: “FMaterial::Matrices”: class“std::vector<std::shared_ptr<_Ty>,std::allocator<std::shared_ptr<_Ty>>>”需要有 dll 接口由 class“FMaterial”的客户端使用
          with
          [
              _Ty=FUniform
          ]
C:\Users\InputWindy\Desktop\SandBox\Flora\Material.h(14,14): message : 参见“std::vector<std::shared_ptr<_Ty>,std::allocator<std::shared_ptr<_Ty>>>”的声明
          with
          [
              _Ty=FUniform
          ]
C:\Users\InputWindy\Desktop\SandBox\Flora\Material.h(74,41): warning C4251: “FMaterial::Samplers”: class“std::vector<std::shared_ptr<_Ty>,std::allocator<std::shared_ptr<_Ty>>>”需要有 dll 接口由 class“FMaterial”的客户端使用
          with
          [
              _Ty=FUniform
          ]
C:\Users\InputWindy\Desktop\SandBox\Flora\Material.h(14,14): message : 参见“std::vector<std::shared_ptr<_Ty>,std::allocator<std::shared_ptr<_Ty>>>”的声明
          with
          [
              _Ty=FUniform
          ]
C:\Users\InputWindy\Desktop\SandBox\Flora\Material.h(76,31): warning C4251: “FMaterial::EquirectangularMapToCubemapShader”: class“std::shared_ptr<FMaterial>”需要有 dll 接口由 class“FMaterial”的客户端使用
C:\Users\InputWindy\Desktop\SandBox\Flora\Core.h(18,18): message : 参见“std::shared_ptr<FMaterial>”的声明
C:\Users\InputWindy\Desktop\SandBox\Flora\Material.h(77,31): warning C4251: “FMaterial::SkyBoxShader”: class“std::shared_ptr<FMaterial>”需要有 dll 接口由 class“FMaterial”的客户端使用
C:\Users\InputWindy\Desktop\SandBox\Flora\Core.h(18,18): message : 参见“std::shared_ptr<FMaterial>”的声明
C:\Users\InputWindy\Desktop\SandBox\Flora\Material.h(78,31): warning C4251: “FMaterial::StandardOpacityShader”: class“std::shared_ptr<FMaterial>”需要有 dll 接口由 class“FMaterial”的客户端使用
C:\Users\InputWindy\Desktop\SandBox\Flora\Core.h(18,18): message : 参见“std::shared_ptr<FMaterial>”的声明
C:\Users\InputWindy\Desktop\SandBox\Flora\Material.h(79,31): warning C4251: “FMaterial::StandardPostprocessShader”: class“std::shared_ptr<FMaterial>”需要有 dll 接口由 class“FMaterial”的客户端使用
C:\Users\InputWindy\Desktop\SandBox\Flora\Core.h(18,18): message : 参见“std::shared_ptr<FMaterial>”的声明
C:\Users\InputWindy\Desktop\SandBox\Flora\Material.h(80,31): warning C4251: “FMaterial::DrawDebugCubeShader”: class“std::shared_ptr<FMaterial>”需要有 dll 接口由 class“FMaterial”的客户端使用
C:\Users\InputWindy\Desktop\SandBox\Flora\Core.h(18,18): message : 参见“std::shared_ptr<FMaterial>”的声明
C:\Users\InputWindy\Desktop\SandBox\Flora\Animation.h(16,21): warning C4251: “FBoneTransformTrack::positionTimestamps”: class“std::vector<float,std::allocator<float>>”需要有 dll 接口由 struct“FBoneTransformTrack”的客户端使用
C:\Users\InputWindy\Desktop\SandBox\Flora\Animation.h(16,7): message : 参见“std::vector<float,std::allocator<float>>”的声明
C:\Users\InputWindy\Desktop\SandBox\Flora\Animation.h(17,21): warning C4251: “FBoneTransformTrack::rotationTimestamps”: class“std::vector<float,std::allocator<float>>”需要有 dll 接口由 struct“FBoneTransformTrack”的客户端使用
C:\Users\InputWindy\Desktop\SandBox\Flora\Animation.h(16,7): message : 参见“std::vector<float,std::allocator<float>>”的声明
C:\Users\InputWindy\Desktop\SandBox\Flora\Animation.h(18,21): warning C4251: “FBoneTransformTrack::scaleTimestamps”: class“std::vector<float,std::allocator<float>>”需要有 dll 接口由 struct“FBoneTransformTrack”的客户端使用
C:\Users\InputWindy\Desktop\SandBox\Flora\Animation.h(16,7): message : 参见“std::vector<float,std::allocator<float>>”的声明
C:\Users\InputWindy\Desktop\SandBox\Flora\Animation.h(20,25): warning C4251: “FBoneTransformTrack::positions”: class“std::vector<glm::vec3,std::allocator<glm::vec3>>”需要有 dll 接口由 struct“FBoneTransformTrack”的客户端使用
C:\Users\InputWindy\Desktop\SandBox\Flora\Animation.h(20,7): message : 参见“std::vector<glm::vec3,std::allocator<glm::vec3>>”的声明
C:\Users\InputWindy\Desktop\SandBox\Flora\Animation.h(21,25): warning C4251: “FBoneTransformTrack::rotations”: class“std::vector<glm::quat,std::allocator<glm::quat>>”需要有 dll 接口由 struct“FBoneTransformTrack”的客户端使用
C:\Users\InputWindy\Desktop\SandBox\Flora\Animation.h(21,7): message : 参见“std::vector<glm::quat,std::allocator<glm::quat>>”的声明
C:\Users\InputWindy\Desktop\SandBox\Flora\Animation.h(22,25): warning C4251: “FBoneTransformTrack::scales”: class“std::vector<glm::vec3,std::allocator<glm::vec3>>”需要有 dll 接口由 struct“FBoneTransformTrack”的客户端使用
C:\Users\InputWindy\Desktop\SandBox\Flora\Animation.h(20,7): message : 参见“std::vector<glm::vec3,std::allocator<glm::vec3>>”的声明
C:\Users\InputWindy\Desktop\SandBox\Flora\Animation.h(25,76): warning C4251: “std::enable_shared_from_this<FAnimation>::_Wptr”: class“std::weak_ptr<_Ty>”需要有 dll 接口由 class“std::enable_shared_from_this<FAnimation>”的客户端使用
          with
          [
              _Ty=FAnimation
          ]
D:\VisualStudio\VC\Tools\MSVC\14.34.31933\include\memory(3068,16): message : 参见“std::weak_ptr<_Ty>”的声明
          with
          [
              _Ty=FAnimation
          ]
C:\Users\InputWindy\Desktop\SandBox\Flora\Animation.h(45,14): warning C4251: “FAnimation::AnimationName”: class“std::basic_string<char,std::char_traits<char>,std::allocator<char>>”需要有 dll 接口由 class“FAnimation”的客户端使用
D:\VisualStudio\VC\Tools\MSVC\14.34.31933\include\xstring(5294,17): message : 参见“std::basic_string<char,std::char_traits<char>,std::allocator<char>>”的声明
C:\Users\InputWindy\Desktop\SandBox\Flora\Animation.h(48,55): warning C4251: “FAnimation::BoneTransforms”: class“std::unordered_map<std::string,FBoneTransformTrack,std::hash<std::string>,std::equal_to<std::string>,std::allocator<std::pair<const std::string,FBoneTransformTrack>>>”需要有 dll 接口由 class“FAnimation”的客户端使用
C:\Users\InputWindy\Desktop\SandBox\Flora\Animation.h(48,7): message : 参见“std::unordered_map<std::string,FBoneTransformTrack,std::hash<std::string>,std::equal_to<std::string>,std::allocator<std::pair<const std::string,FBoneTransformTrack>>>”的声明
C:\Users\InputWindy\Desktop\SandBox\Flora\Skeleton.h(16,14): warning C4251: “FBone::Name”: class“std::basic_string<char,std::char_traits<char>,std::allocator<char>>”需要有 dll 接口由 struct“FBone”的客户端使用
D:\VisualStudio\VC\Tools\MSVC\14.34.31933\include\xstring(5294,17): message : 参见“std::basic_string<char,std::char_traits<char>,std::allocator<char>>”的声明
C:\Users\InputWindy\Desktop\SandBox\Flora\Skeleton.h(17,14): warning C4251: “FBone::OffsetMatrix”: struct“glm::mat<4,4,glm::f32,glm::packed_highp>”需要有 dll 接口由 struct“FBone”的客户端使用
C:\Users\InputWindy\Desktop\SandBox\vendor\include\glm\fwd.hpp(520,10): message : 参见“glm::mat<4,4,glm::f32,glm::packed_highp>”的声明
C:\Users\InputWindy\Desktop\SandBox\Flora\Skeleton.h(18,14): warning C4251: “FBone::TransformMatrix”: struct“glm::mat<4,4,glm::f32,glm::packed_highp>”需要有 dll 接口由 struct“FBone”的客户端使用
C:\Users\InputWindy\Desktop\SandBox\vendor\include\glm\fwd.hpp(520,10): message : 参见“glm::mat<4,4,glm::f32,glm::packed_highp>”的声明
C:\Users\InputWindy\Desktop\SandBox\Flora\Skeleton.h(19,21): warning C4251: “FBone::Children”: class“std::vector<FBone,std::allocator<FBone>>”需要有 dll 接口由 struct“FBone”的客户端使用
C:\Users\InputWindy\Desktop\SandBox\Flora\Skeleton.h(19,7): message : 参见“std::vector<FBone,std::allocator<FBone>>”的声明
C:\Users\InputWindy\Desktop\SandBox\Flora\Skeleton.h(25,74): warning C4251: “std::enable_shared_from_this<FSkeleton>::_Wptr”: class“std::weak_ptr<_Ty>”需要有 dll 接口由 class“std::enable_shared_from_this<FSkeleton>”的客户端使用
          with
          [
              _Ty=FSkeleton
          ]
D:\VisualStudio\VC\Tools\MSVC\14.34.31933\include\memory(3068,16): message : 参见“std::weak_ptr<_Ty>”的声明
          with
          [
              _Ty=FSkeleton
          ]
C:\Users\InputWindy\Desktop\SandBox\Flora\Skeleton.h(45,14): warning C4251: “FSkeleton::SkeletonName”: class“std::basic_string<char,std::char_traits<char>,std::allocator<char>>”需要有 dll 接口由 class“FSkeleton”的客户端使用
D:\VisualStudio\VC\Tools\MSVC\14.34.31933\include\xstring(5294,17): message : 参见“std::basic_string<char,std::char_traits<char>,std::allocator<char>>”的声明
C:\Users\InputWindy\Desktop\SandBox\Flora\Skeleton.h(49,12): warning C4251: “FSkeleton::GlobalInverseMatrix”: struct“glm::mat<4,4,glm::f32,glm::packed_highp>”需要有 dll 接口由 class“FSkeleton”的客户端使用
C:\Users\InputWindy\Desktop\SandBox\vendor\include\glm\fwd.hpp(520,10): message : 参见“glm::mat<4,4,glm::f32,glm::packed_highp>”的声明
C:\Users\InputWindy\Desktop\SandBox\Flora\ResourceManager.h(32,51): warning C4251: “FResourceManager::Textures”: class“std::unordered_map<std::string,std::shared_ptr<_Ty>,std::hash<std::string>,std::equal_to<std::string>,std::allocator<std::pair<const std::string,std::shared_ptr<_Ty>>>>”需要有 dll 接口由 class“FResourceManager”的客户端使用
          with
          [
              _Ty=FTexture
          ]
C:\Users\InputWindy\Desktop\SandBox\Flora\ResourceManager.h(32,7): message : 参见“std::unordered_map<std::string,std::shared_ptr<_Ty>,std::hash<std::string>,std::equal_to<std::string>,std::allocator<std::pair<const std::string,std::shared_ptr<_Ty>>>>”的声明
          with
          [
              _Ty=FTexture
          ]
C:\Users\InputWindy\Desktop\SandBox\Flora\ResourceManager.h(33,51): warning C4251: “FResourceManager::Materials”: class“std::unordered_map<std::string,std::shared_ptr<FMaterial>,std::hash<std::string>,std::equal_to<std::string>,std::allocator<std::pair<const std::string,std::shared_ptr<FMaterial>>>>”需要有 dll 接口由 class“FResourceManager”的客户端使用
C:\Users\InputWindy\Desktop\SandBox\Flora\ResourceManager.h(33,7): message : 参见“std::unordered_map<std::string,std::shared_ptr<FMaterial>,std::hash<std::string>,std::equal_to<std::string>,std::allocator<std::pair<const std::string,std::shared_ptr<FMaterial>>>>”的声明
C:\Users\InputWindy\Desktop\SandBox\Flora\ResourceManager.h(34,51): warning C4251: “FResourceManager::Animations”: class“std::unordered_map<std::string,std::shared_ptr<_Ty>,std::hash<std::string>,std::equal_to<std::string>,std::allocator<std::pair<const std::string,std::shared_ptr<_Ty>>>>”需要有 dll 接口由 class“FResourceManager”的客户端使用
          with
          [
              _Ty=FAnimation
          ]
C:\Users\InputWindy\Desktop\SandBox\Flora\ResourceManager.h(34,7): message : 参见“std::unordered_map<std::string,std::shared_ptr<_Ty>,std::hash<std::string>,std::equal_to<std::string>,std::allocator<std::pair<const std::string,std::shared_ptr<_Ty>>>>”的声明
          with
          [
              _Ty=FAnimation
          ]
C:\Users\InputWindy\Desktop\SandBox\Flora\ResourceManager.h(35,51): warning C4251: “FResourceManager::Skeletons”: class“std::unordered_map<std::string,std::shared_ptr<_Ty>,std::hash<std::string>,std::equal_to<std::string>,std::allocator<std::pair<const std::string,std::shared_ptr<_Ty>>>>”需要有 dll 接口由 class“FResourceManager”的客户端使用
          with
          [
              _Ty=FSkeleton
          ]
C:\Users\InputWindy\Desktop\SandBox\Flora\ResourceManager.h(35,7): message : 参见“std::unordered_map<std::string,std::shared_ptr<_Ty>,std::hash<std::string>,std::equal_to<std::string>,std::allocator<std::pair<const std::string,std::shared_ptr<_Ty>>>>”的声明
          with
          [
              _Ty=FSkeleton
          ]
C:\Users\InputWindy\Desktop\SandBox\Flora\Parser.h(14,29): warning C4251: “FShaderParser::Uniforms”: class“std::vector<std::shared_ptr<_Ty>,std::allocator<std::shared_ptr<_Ty>>>”需要有 dll 接口由 class“FShaderParser”的客户端使用
          with
          [
              _Ty=FUniform
          ]
C:\Users\InputWindy\Desktop\SandBox\Flora\Material.h(14,14): message : 参见“std::vector<std::shared_ptr<_Ty>,std::allocator<std::shared_ptr<_Ty>>>”的声明
          with
          [
              _Ty=FUniform
          ]
C:\Users\InputWindy\Desktop\SandBox\Flora\Parser.h(19,63): warning C4251: “FShaderParser::HeaderFiles”: class“std::unordered_map<std::string,FShaderParser,std::hash<std::string>,std::equal_to<std::string>,std::allocator<std::pair<const std::string,FShaderParser>>>”需要有 dll 接口由 class“FShaderParser”的客户端使用
C:\Users\InputWindy\Desktop\SandBox\Flora\Parser.h(19,21): message : 参见“std::unordered_map<std::string,FShaderParser,std::hash<std::string>,std::equal_to<std::string>,std::allocator<std::pair<const std::string,FShaderParser>>>”的声明
C:\Users\InputWindy\Desktop\SandBox\Flora\Material.cpp(68,2): warning C4267: “=”: 从“size_t”转换到“uint8_t”，可能丢失数据
  Flora.vcxproj -> C:\Users\InputWindy\Desktop\SandBox\x64\Debug\Flora.dll
