c:\users\inputwindy\desktop\sandbox\x64\debug\imgui.pdb
c:\users\inputwindy\desktop\sandbox\x64\debug\imgui.idb
c:\users\inputwindy\desktop\sandbox\imgui\x64\debug\imsequencer.obj
c:\users\inputwindy\desktop\sandbox\imgui\x64\debug\implot_items.obj
c:\users\inputwindy\desktop\sandbox\imgui\x64\debug\implot_demo.obj
c:\users\inputwindy\desktop\sandbox\imgui\x64\debug\implot.obj
c:\users\inputwindy\desktop\sandbox\imgui\x64\debug\imgui_widgets.obj
c:\users\inputwindy\desktop\sandbox\imgui\x64\debug\imgui_tables.obj
c:\users\inputwindy\desktop\sandbox\imgui\x64\debug\imgui_node_editor_api.obj
c:\users\inputwindy\desktop\sandbox\imgui\x64\debug\imgui_node_editor.obj
c:\users\inputwindy\desktop\sandbox\imgui\x64\debug\imgui_impl_opengl3.obj
c:\users\inputwindy\desktop\sandbox\imgui\x64\debug\imgui_impl_glfw.obj
c:\users\inputwindy\desktop\sandbox\imgui\x64\debug\imgui_draw.obj
c:\users\inputwindy\desktop\sandbox\imgui\x64\debug\imgui_demo.obj
c:\users\inputwindy\desktop\sandbox\imgui\x64\debug\imgui_canvas.obj
c:\users\inputwindy\desktop\sandbox\imgui\x64\debug\imguizmo.obj
c:\users\inputwindy\desktop\sandbox\imgui\x64\debug\imgui.obj
c:\users\inputwindy\desktop\sandbox\imgui\x64\debug\imgradient.obj
c:\users\inputwindy\desktop\sandbox\imgui\x64\debug\imcurveedit.obj
c:\users\inputwindy\desktop\sandbox\imgui\x64\debug\crude_json.obj
c:\users\inputwindy\desktop\sandbox\x64\debug\imgui.lib
c:\users\inputwindy\desktop\sandbox\imgui\x64\debug\imgui.tlog\cl.command.1.tlog
c:\users\inputwindy\desktop\sandbox\imgui\x64\debug\imgui.tlog\cl.read.1.tlog
c:\users\inputwindy\desktop\sandbox\imgui\x64\debug\imgui.tlog\cl.write.1.tlog
c:\users\inputwindy\desktop\sandbox\imgui\x64\debug\imgui.tlog\lib-link.read.1.tlog
c:\users\inputwindy\desktop\sandbox\imgui\x64\debug\imgui.tlog\lib-link.write.1.tlog
c:\users\inputwindy\desktop\sandbox\imgui\x64\debug\imgui.tlog\lib.command.1.tlog
